<?xml version="1.0" encoding="utf-8"?>
<CoverageSession xmlns:xsd="http://www.w3.org/2001/XMLSchema" xmlns:xsi="http://www.w3.org/2001/XMLSchema-instance" Version="0.0.0.0">
  <Summary numSequencePoints="143" visitedSequencePoints="6" numBranchPoints="0" visitedBranchPoints="0" sequenceCoverage="4.20" branchCoverage="0.0" maxCyclomaticComplexity="0" minCyclomaticComplexity="0" maxCrapScore="0" minCrapScore="0" visitedClasses="2" numClasses="9" visitedMethods="2" numMethods="21" />
  <Modules>
    <Module>
      <Summary numSequencePoints="140" visitedSequencePoints="3" numBranchPoints="0" visitedBranchPoints="0" sequenceCoverage="2.14" branchCoverage="0.0" maxCyclomaticComplexity="0" minCyclomaticComplexity="0" maxCrapScore="0" minCrapScore="0" visitedClasses="1" numClasses="8" visitedMethods="1" numMethods="20" />
      <ModuleTime>0001-01-01T00:00:00</ModuleTime>
      <ModuleName>Assembly-CSharp</ModuleName>
      <Files>
        <File uid="1" fullPath="/Users/manalabbas/se181-checkers-for-two/Checkers for Two/Assets/NetworkManager.cs" />
        <File uid="2" fullPath="/Users/manalabbas/se181-checkers-for-two/Checkers for Two/Assets/Scripts/ChangeScene.cs" />
        <File uid="3" fullPath="/Users/manalabbas/se181-checkers-for-two/Checkers for Two/Assets/Scripts/GameManager.cs" />
        <File uid="4" fullPath="/Users/manalabbas/se181-checkers-for-two/Checkers for Two/Assets/Scripts/GamePiece.cs" />
      </Files>
      <Classes>
        <Class>
          <Summary numSequencePoints="4" visitedSequencePoints="0" numBranchPoints="0" visitedBranchPoints="0" sequenceCoverage="0.0" branchCoverage="0.0" maxCyclomaticComplexity="0" minCyclomaticComplexity="0" maxCrapScore="0" minCrapScore="0" visitedClasses="0" numClasses="1" visitedMethods="0" numMethods="2" />
          <FullName>NetworkManager</FullName>
          <Methods>
            <Method visited="false" cyclomaticComplexity="0" nPathComplexity="0" sequenceCoverage="0.0" branchCoverage="0" crapScore="0" isConstructor="false" isStatic="false" isGetter="false" isSetter="false">
              <Summary numSequencePoints="2" visitedSequencePoints="0" numBranchPoints="0" visitedBranchPoints="0" sequenceCoverage="0.0" branchCoverage="0" maxCyclomaticComplexity="0" minCyclomaticComplexity="0" maxCrapScore="0" minCrapScore="0" visitedClasses="0" numClasses="0" visitedMethods="0" numMethods="1" />
              <MetadataToken>100663297</MetadataToken>
              <Name>System.Void NetworkManager::Start()</Name>
              <FileRef uid="1" />
              <SequencePoints>
                <SequencePoint vc="0" uspid="1" ordinal="0" offset="0" sl="9" sc="0" el="9" ec="0" bec="0" bev="0" fileid="1" />
                <SequencePoint vc="0" uspid="2" ordinal="0" offset="1" sl="11" sc="0" el="11" ec="0" bec="0" bev="0" fileid="1" />
              </SequencePoints>
              <BranchPoints />
            </Method>
            <Method visited="false" cyclomaticComplexity="0" nPathComplexity="0" sequenceCoverage="0.0" branchCoverage="0" crapScore="0" isConstructor="false" isStatic="false" isGetter="false" isSetter="false">
              <Summary numSequencePoints="2" visitedSequencePoints="0" numBranchPoints="0" visitedBranchPoints="0" sequenceCoverage="0.0" branchCoverage="0" maxCyclomaticComplexity="0" minCyclomaticComplexity="0" maxCrapScore="0" minCrapScore="0" visitedClasses="0" numClasses="0" visitedMethods="0" numMethods="1" />
              <MetadataToken>100663298</MetadataToken>
              <Name>System.Void NetworkManager::Update()</Name>
              <FileRef uid="1" />
              <SequencePoints>
                <SequencePoint vc="0" uspid="3" ordinal="0" offset="0" sl="15" sc="0" el="15" ec="0" bec="0" bev="0" fileid="1" />
                <SequencePoint vc="0" uspid="4" ordinal="0" offset="1" sl="17" sc="0" el="17" ec="0" bec="0" bev="0" fileid="1" />
              </SequencePoints>
              <BranchPoints />
            </Method>
          </Methods>
        </Class>
        <Class>
          <Summary numSequencePoints="3" visitedSequencePoints="0" numBranchPoints="0" visitedBranchPoints="0" sequenceCoverage="0.0" branchCoverage="0.0" maxCyclomaticComplexity="0" minCyclomaticComplexity="0" maxCrapScore="0" minCrapScore="0" visitedClasses="0" numClasses="1" visitedMethods="0" numMethods="1" />
          <FullName>ChangeScene</FullName>
          <Methods>
            <Method visited="false" cyclomaticComplexity="0" nPathComplexity="0" sequenceCoverage="0.0" branchCoverage="0" crapScore="0" isConstructor="false" isStatic="false" isGetter="false" isSetter="false">
              <Summary numSequencePoints="3" visitedSequencePoints="0" numBranchPoints="0" visitedBranchPoints="0" sequenceCoverage="0.0" branchCoverage="0" maxCyclomaticComplexity="0" minCyclomaticComplexity="0" maxCrapScore="0" minCrapScore="0" visitedClasses="0" numClasses="0" visitedMethods="0" numMethods="1" />
              <MetadataToken>100663300</MetadataToken>
              <Name>System.Void ChangeScene::LoadScene(System.String)</Name>
              <FileRef uid="2" />
              <SequencePoints>
                <SequencePoint vc="0" uspid="5" ordinal="0" offset="0" sl="9" sc="0" el="9" ec="0" bec="0" bev="0" fileid="2" />
                <SequencePoint vc="0" uspid="6" ordinal="0" offset="1" sl="10" sc="0" el="10" ec="0" bec="0" bev="0" fileid="2" />
                <SequencePoint vc="0" uspid="7" ordinal="0" offset="9" sl="11" sc="0" el="11" ec="0" bec="0" bev="0" fileid="2" />
              </SequencePoints>
              <BranchPoints />
            </Method>
          </Methods>
        </Class>
        <Class>
          <Summary numSequencePoints="18" visitedSequencePoints="0" numBranchPoints="0" visitedBranchPoints="0" sequenceCoverage="0.0" branchCoverage="0.0" maxCyclomaticComplexity="0" minCyclomaticComplexity="0" maxCrapScore="0" minCrapScore="0" visitedClasses="0" numClasses="1" visitedMethods="0" numMethods="3" />
          <FullName>MoveResult</FullName>
          <Methods>
            <Method visited="false" cyclomaticComplexity="0" nPathComplexity="0" sequenceCoverage="0.0" branchCoverage="0" crapScore="0" isConstructor="true" isStatic="false" isGetter="false" isSetter="false">
              <Summary numSequencePoints="6" visitedSequencePoints="0" numBranchPoints="0" visitedBranchPoints="0" sequenceCoverage="0.0" branchCoverage="0" maxCyclomaticComplexity="0" minCyclomaticComplexity="0" maxCrapScore="0" minCrapScore="0" visitedClasses="0" numClasses="0" visitedMethods="0" numMethods="1" />
              <MetadataToken>100663302</MetadataToken>
              <Name>MoveResult::MoveResult(System.Boolean, System.Boolean, UnityEngine.GameObject)</Name>
              <FileRef uid="3" />
              <SequencePoints>
                <SequencePoint vc="0" uspid="8" ordinal="0" offset="0" sl="13" sc="0" el="13" ec="0" bec="0" bev="0" fileid="3" />
                <SequencePoint vc="0" uspid="9" ordinal="0" offset="1" sl="14" sc="0" el="14" ec="0" bec="0" bev="0" fileid="3" />
                <SequencePoint vc="0" uspid="10" ordinal="0" offset="8" sl="15" sc="0" el="15" ec="0" bec="0" bev="0" fileid="3" />
                <SequencePoint vc="0" uspid="11" ordinal="0" offset="15" sl="16" sc="0" el="16" ec="0" bec="0" bev="0" fileid="3" />
                <SequencePoint vc="0" uspid="12" ordinal="0" offset="22" sl="17" sc="0" el="17" ec="0" bec="0" bev="0" fileid="3" />
                <SequencePoint vc="0" uspid="13" ordinal="0" offset="29" sl="18" sc="0" el="18" ec="0" bec="0" bev="0" fileid="3" />
              </SequencePoints>
              <BranchPoints />
            </Method>
            <Method visited="false" cyclomaticComplexity="0" nPathComplexity="0" sequenceCoverage="0.0" branchCoverage="0" crapScore="0" isConstructor="true" isStatic="false" isGetter="false" isSetter="false">
              <Summary numSequencePoints="6" visitedSequencePoints="0" numBranchPoints="0" visitedBranchPoints="0" sequenceCoverage="0.0" branchCoverage="0" maxCyclomaticComplexity="0" minCyclomaticComplexity="0" maxCrapScore="0" minCrapScore="0" visitedClasses="0" numClasses="0" visitedMethods="0" numMethods="1" />
              <MetadataToken>100663303</MetadataToken>
              <Name>MoveResult::MoveResult(System.Boolean, System.Boolean)</Name>
              <FileRef uid="3" />
              <SequencePoints>
                <SequencePoint vc="0" uspid="14" ordinal="0" offset="0" sl="21" sc="0" el="21" ec="0" bec="0" bev="0" fileid="3" />
                <SequencePoint vc="0" uspid="15" ordinal="0" offset="1" sl="22" sc="0" el="22" ec="0" bec="0" bev="0" fileid="3" />
                <SequencePoint vc="0" uspid="16" ordinal="0" offset="8" sl="23" sc="0" el="23" ec="0" bec="0" bev="0" fileid="3" />
                <SequencePoint vc="0" uspid="17" ordinal="0" offset="15" sl="24" sc="0" el="24" ec="0" bec="0" bev="0" fileid="3" />
                <SequencePoint vc="0" uspid="18" ordinal="0" offset="22" sl="25" sc="0" el="25" ec="0" bec="0" bev="0" fileid="3" />
                <SequencePoint vc="0" uspid="19" ordinal="0" offset="29" sl="26" sc="0" el="26" ec="0" bec="0" bev="0" fileid="3" />
              </SequencePoints>
              <BranchPoints />
            </Method>
            <Method visited="false" cyclomaticComplexity="0" nPathComplexity="0" sequenceCoverage="0.0" branchCoverage="0" crapScore="0" isConstructor="true" isStatic="false" isGetter="false" isSetter="false">
              <Summary numSequencePoints="6" visitedSequencePoints="0" numBranchPoints="0" visitedBranchPoints="0" sequenceCoverage="0.0" branchCoverage="0" maxCyclomaticComplexity="0" minCyclomaticComplexity="0" maxCrapScore="0" minCrapScore="0" visitedClasses="0" numClasses="0" visitedMethods="0" numMethods="1" />
              <MetadataToken>100663304</MetadataToken>
              <Name>MoveResult::MoveResult(System.Boolean)</Name>
              <FileRef uid="3" />
              <SequencePoints>
                <SequencePoint vc="0" uspid="20" ordinal="0" offset="0" sl="29" sc="0" el="29" ec="0" bec="0" bev="0" fileid="3" />
                <SequencePoint vc="0" uspid="21" ordinal="0" offset="1" sl="30" sc="0" el="30" ec="0" bec="0" bev="0" fileid="3" />
                <SequencePoint vc="0" uspid="22" ordinal="0" offset="8" sl="31" sc="0" el="31" ec="0" bec="0" bev="0" fileid="3" />
                <SequencePoint vc="0" uspid="23" ordinal="0" offset="15" sl="32" sc="0" el="32" ec="0" bec="0" bev="0" fileid="3" />
                <SequencePoint vc="0" uspid="24" ordinal="0" offset="22" sl="33" sc="0" el="33" ec="0" bec="0" bev="0" fileid="3" />
                <SequencePoint vc="0" uspid="25" ordinal="0" offset="29" sl="34" sc="0" el="34" ec="0" bec="0" bev="0" fileid="3" />
              </SequencePoints>
              <BranchPoints />
            </Method>
          </Methods>
        </Class>
        <Class>
          <Summary numSequencePoints="56" visitedSequencePoints="0" numBranchPoints="0" visitedBranchPoints="0" sequenceCoverage="0.0" branchCoverage="0.0" maxCyclomaticComplexity="0" minCyclomaticComplexity="0" maxCrapScore="0" minCrapScore="0" visitedClasses="0" numClasses="1" visitedMethods="0" numMethods="4" />
          <FullName>GameManager</FullName>
          <Methods>
            <Method visited="false" cyclomaticComplexity="0" nPathComplexity="0" sequenceCoverage="0.0" branchCoverage="0" crapScore="0" isConstructor="false" isStatic="false" isGetter="false" isSetter="false">
              <Summary numSequencePoints="2" visitedSequencePoints="0" numBranchPoints="0" visitedBranchPoints="0" sequenceCoverage="0.0" branchCoverage="0" maxCyclomaticComplexity="0" minCyclomaticComplexity="0" maxCrapScore="0" minCrapScore="0" visitedClasses="0" numClasses="0" visitedMethods="0" numMethods="1" />
              <MetadataToken>100663305</MetadataToken>
              <Name>System.Void GameManager::Start()</Name>
              <FileRef uid="3" />
              <SequencePoints>
                <SequencePoint vc="0" uspid="26" ordinal="0" offset="0" sl="43" sc="0" el="43" ec="0" bec="0" bev="0" fileid="3" />
                <SequencePoint vc="0" uspid="27" ordinal="0" offset="1" sl="45" sc="0" el="45" ec="0" bec="0" bev="0" fileid="3" />
              </SequencePoints>
              <BranchPoints />
            </Method>
            <Method visited="false" cyclomaticComplexity="0" nPathComplexity="0" sequenceCoverage="0.0" branchCoverage="0" crapScore="0" isConstructor="false" isStatic="false" isGetter="false" isSetter="false">
              <Summary numSequencePoints="2" visitedSequencePoints="0" numBranchPoints="0" visitedBranchPoints="0" sequenceCoverage="0.0" branchCoverage="0" maxCyclomaticComplexity="0" minCyclomaticComplexity="0" maxCrapScore="0" minCrapScore="0" visitedClasses="0" numClasses="0" visitedMethods="0" numMethods="1" />
              <MetadataToken>100663306</MetadataToken>
              <Name>System.Void GameManager::Update()</Name>
              <FileRef uid="3" />
              <SequencePoints>
                <SequencePoint vc="0" uspid="28" ordinal="0" offset="0" sl="49" sc="0" el="49" ec="0" bec="0" bev="0" fileid="3" />
                <SequencePoint vc="0" uspid="29" ordinal="0" offset="1" sl="51" sc="0" el="51" ec="0" bec="0" bev="0" fileid="3" />
              </SequencePoints>
              <BranchPoints />
            </Method>
            <Method visited="false" cyclomaticComplexity="0" nPathComplexity="0" sequenceCoverage="0.0" branchCoverage="0" crapScore="0" isConstructor="false" isStatic="false" isGetter="false" isSetter="false">
              <Summary numSequencePoints="14" visitedSequencePoints="0" numBranchPoints="0" visitedBranchPoints="0" sequenceCoverage="0.0" branchCoverage="0" maxCyclomaticComplexity="0" minCyclomaticComplexity="0" maxCrapScore="0" minCrapScore="0" visitedClasses="0" numClasses="0" visitedMethods="0" numMethods="1" />
              <MetadataToken>100663307</MetadataToken>
              <Name>System.Boolean GameManager::TryMove(GamePiece, UnityEngine.Vector2)</Name>
              <FileRef uid="3" />
              <SequencePoints>
                <SequencePoint vc="0" uspid="30" ordinal="0" offset="0" sl="54" sc="0" el="54" ec="0" bec="0" bev="0" fileid="3" />
                <SequencePoint vc="0" uspid="31" ordinal="0" offset="1" sl="55" sc="0" el="55" ec="0" bec="0" bev="0" fileid="3" />
                <SequencePoint vc="0" uspid="32" ordinal="0" offset="10" sl="57" sc="0" el="57" ec="0" bec="0" bev="0" fileid="3" />
                <SequencePoint vc="0" uspid="33" ordinal="0" offset="23" sl="58" sc="0" el="58" ec="0" bec="0" bev="0" fileid="3" />
                <SequencePoint vc="0" uspid="34" ordinal="0" offset="27" sl="60" sc="0" el="60" ec="0" bec="0" bev="0" fileid="3" />
                <SequencePoint vc="0" uspid="35" ordinal="0" offset="28" sl="62" sc="0" el="62" ec="0" bec="0" bev="0" fileid="3" />
                <SequencePoint vc="0" uspid="36" ordinal="0" offset="38" sl="63" sc="0" el="63" ec="0" bec="0" bev="0" fileid="3" />
                <SequencePoint vc="0" uspid="37" ordinal="0" offset="39" sl="64" sc="0" el="64" ec="0" bec="0" bev="0" fileid="3" />
                <SequencePoint vc="0" uspid="38" ordinal="0" offset="51" sl="65" sc="0" el="65" ec="0" bec="0" bev="0" fileid="3" />
                <SequencePoint vc="0" uspid="39" ordinal="0" offset="69" sl="66" sc="0" el="66" ec="0" bec="0" bev="0" fileid="3" />
                <SequencePoint vc="0" uspid="40" ordinal="0" offset="70" sl="69" sc="0" el="69" ec="0" bec="0" bev="0" fileid="3" />
                <SequencePoint vc="0" uspid="41" ordinal="0" offset="95" sl="70" sc="0" el="70" ec="0" bec="0" bev="0" fileid="3" />
                <SequencePoint vc="0" uspid="42" ordinal="0" offset="103" sl="72" sc="0" el="72" ec="0" bec="0" bev="0" fileid="3" />
                <SequencePoint vc="0" uspid="43" ordinal="0" offset="107" sl="74" sc="0" el="74" ec="0" bec="0" bev="0" fileid="3" />
              </SequencePoints>
              <BranchPoints />
            </Method>
            <Method visited="false" cyclomaticComplexity="0" nPathComplexity="0" sequenceCoverage="0.0" branchCoverage="0" crapScore="0" isConstructor="false" isStatic="false" isGetter="false" isSetter="false">
              <Summary numSequencePoints="38" visitedSequencePoints="0" numBranchPoints="0" visitedBranchPoints="0" sequenceCoverage="0.0" branchCoverage="0" maxCyclomaticComplexity="0" minCyclomaticComplexity="0" maxCrapScore="0" minCrapScore="0" visitedClasses="0" numClasses="0" visitedMethods="0" numMethods="1" />
              <MetadataToken>100663308</MetadataToken>
              <Name>MoveResult GameManager::TestMove(GamePiece, UnityEngine.Vector2)</Name>
              <FileRef uid="3" />
              <SequencePoints>
                <SequencePoint vc="0" uspid="44" ordinal="0" offset="13" sl="77" sc="0" el="77" ec="0" bec="0" bev="0" fileid="3" />
                <SequencePoint vc="0" uspid="45" ordinal="0" offset="14" sl="78" sc="0" el="78" ec="0" bec="0" bev="0" fileid="3" />
                <SequencePoint vc="0" uspid="46" ordinal="0" offset="69" sl="81" sc="0" el="81" ec="0" bec="0" bev="0" fileid="3" />
                <SequencePoint vc="0" uspid="47" ordinal="0" offset="109" sl="82" sc="0" el="82" ec="0" bec="0" bev="0" fileid="3" />
                <SequencePoint vc="0" uspid="48" ordinal="0" offset="121" sl="85" sc="0" el="85" ec="0" bec="0" bev="0" fileid="3" />
                <SequencePoint vc="0" uspid="49" ordinal="0" offset="186" sl="86" sc="0" el="86" ec="0" bec="0" bev="0" fileid="3" />
                <SequencePoint vc="0" uspid="50" ordinal="0" offset="198" sl="88" sc="0" el="88" ec="0" bec="0" bev="0" fileid="3" />
                <SequencePoint vc="0" uspid="51" ordinal="0" offset="204" sl="91" sc="0" el="91" ec="0" bec="0" bev="0" fileid="3" />
                <SequencePoint vc="0" uspid="52" ordinal="0" offset="216" sl="92" sc="0" el="92" ec="0" bec="0" bev="0" fileid="3" />
                <SequencePoint vc="0" uspid="53" ordinal="0" offset="217" sl="93" sc="0" el="93" ec="0" bec="0" bev="0" fileid="3" />
                <SequencePoint vc="0" uspid="54" ordinal="0" offset="311" sl="100" sc="0" el="100" ec="0" bec="0" bev="0" fileid="3" />
                <SequencePoint vc="0" uspid="55" ordinal="0" offset="314" sl="104" sc="0" el="104" ec="0" bec="0" bev="0" fileid="3" />
                <SequencePoint vc="0" uspid="56" ordinal="0" offset="315" sl="105" sc="0" el="105" ec="0" bec="0" bev="0" fileid="3" />
                <SequencePoint vc="0" uspid="57" ordinal="0" offset="397" sl="110" sc="0" el="110" ec="0" bec="0" bev="0" fileid="3" />
                <SequencePoint vc="0" uspid="58" ordinal="0" offset="398" sl="112" sc="0" el="112" ec="0" bec="0" bev="0" fileid="3" />
                <SequencePoint vc="0" uspid="59" ordinal="0" offset="399" sl="112" sc="0" el="112" ec="0" bec="0" bev="0" fileid="3" />
                <SequencePoint vc="0" uspid="60" ordinal="0" offset="412" sl="112" sc="0" el="112" ec="0" bec="0" bev="0" fileid="3" />
                <SequencePoint vc="0" uspid="61" ordinal="0" offset="421" sl="113" sc="0" el="113" ec="0" bec="0" bev="0" fileid="3" />
                <SequencePoint vc="0" uspid="62" ordinal="0" offset="422" sl="115" sc="0" el="115" ec="0" bec="0" bev="0" fileid="3" />
                <SequencePoint vc="0" uspid="63" ordinal="0" offset="437" sl="116" sc="0" el="116" ec="0" bec="0" bev="0" fileid="3" />
                <SequencePoint vc="0" uspid="64" ordinal="0" offset="456" sl="117" sc="0" el="117" ec="0" bec="0" bev="0" fileid="3" />
                <SequencePoint vc="0" uspid="65" ordinal="0" offset="468" sl="120" sc="0" el="120" ec="0" bec="0" bev="0" fileid="3" />
                <SequencePoint vc="0" uspid="66" ordinal="0" offset="493" sl="121" sc="0" el="121" ec="0" bec="0" bev="0" fileid="3" />
                <SequencePoint vc="0" uspid="67" ordinal="0" offset="512" sl="122" sc="0" el="122" ec="0" bec="0" bev="0" fileid="3" />
                <SequencePoint vc="0" uspid="68" ordinal="0" offset="513" sl="123" sc="0" el="123" ec="0" bec="0" bev="0" fileid="3" />
                <SequencePoint vc="0" uspid="69" ordinal="0" offset="514" sl="123" sc="0" el="123" ec="0" bec="0" bev="0" fileid="3" />
                <SequencePoint vc="0" uspid="70" ordinal="0" offset="529" sl="123" sc="0" el="123" ec="0" bec="0" bev="0" fileid="3" />
                <SequencePoint vc="0" uspid="71" ordinal="0" offset="538" sl="124" sc="0" el="124" ec="0" bec="0" bev="0" fileid="3" />
                <SequencePoint vc="0" uspid="72" ordinal="0" offset="539" sl="125" sc="0" el="125" ec="0" bec="0" bev="0" fileid="3" />
                <SequencePoint vc="0" uspid="73" ordinal="0" offset="548" sl="126" sc="0" el="126" ec="0" bec="0" bev="0" fileid="3" />
                <SequencePoint vc="0" uspid="74" ordinal="0" offset="591" sl="127" sc="0" el="127" ec="0" bec="0" bev="0" fileid="3" />
                <SequencePoint vc="0" uspid="75" ordinal="0" offset="603" sl="128" sc="0" el="128" ec="0" bec="0" bev="0" fileid="3" />
                <SequencePoint vc="0" uspid="76" ordinal="0" offset="604" sl="123" sc="0" el="123" ec="0" bec="0" bev="0" fileid="3" />
                <SequencePoint vc="0" uspid="77" ordinal="0" offset="630" sl="129" sc="0" el="129" ec="0" bec="0" bev="0" fileid="3" />
                <SequencePoint vc="0" uspid="78" ordinal="0" offset="639" sl="131" sc="0" el="131" ec="0" bec="0" bev="0" fileid="3" />
                <SequencePoint vc="0" uspid="79" ordinal="0" offset="640" sl="112" sc="0" el="112" ec="0" bec="0" bev="0" fileid="3" />
                <SequencePoint vc="0" uspid="80" ordinal="0" offset="669" sl="133" sc="0" el="133" ec="0" bec="0" bev="0" fileid="3" />
                <SequencePoint vc="0" uspid="81" ordinal="0" offset="678" sl="134" sc="0" el="134" ec="0" bec="0" bev="0" fileid="3" />
              </SequencePoints>
              <BranchPoints />
            </Method>
          </Methods>
        </Class>
        <Class>
          <Summary numSequencePoints="10" visitedSequencePoints="0" numBranchPoints="0" visitedBranchPoints="0" sequenceCoverage="0.0" branchCoverage="0.0" maxCyclomaticComplexity="0" minCyclomaticComplexity="0" maxCrapScore="0" minCrapScore="0" visitedClasses="0" numClasses="1" visitedMethods="0" numMethods="2" />
          <FullName>PieceTypeMethods</FullName>
          <Methods>
            <Method visited="false" cyclomaticComplexity="0" nPathComplexity="0" sequenceCoverage="0.0" branchCoverage="0" crapScore="0" isConstructor="false" isStatic="true" isGetter="false" isSetter="false">
              <Summary numSequencePoints="5" visitedSequencePoints="0" numBranchPoints="0" visitedBranchPoints="0" sequenceCoverage="0.0" branchCoverage="0" maxCyclomaticComplexity="0" minCyclomaticComplexity="0" maxCrapScore="0" minCrapScore="0" visitedClasses="0" numClasses="0" visitedMethods="0" numMethods="1" />
              <MetadataToken>100663310</MetadataToken>
              <Name>static UnityEngine.Vector2 PieceTypeMethods::ForwardDirection(PieceType)</Name>
              <FileRef uid="4" />
              <SequencePoints>
                <SequencePoint vc="0" uspid="82" ordinal="0" offset="0" sl="15" sc="0" el="15" ec="0" bec="0" bev="0" fileid="4" />
                <SequencePoint vc="0" uspid="83" ordinal="0" offset="1" sl="16" sc="0" el="16" ec="0" bec="0" bev="0" fileid="4" />
                <SequencePoint vc="0" uspid="84" ordinal="0" offset="9" sl="17" sc="0" el="17" ec="0" bec="0" bev="0" fileid="4" />
                <SequencePoint vc="0" uspid="85" ordinal="0" offset="27" sl="19" sc="0" el="19" ec="0" bec="0" bev="0" fileid="4" />
                <SequencePoint vc="0" uspid="86" ordinal="0" offset="45" sl="20" sc="0" el="20" ec="0" bec="0" bev="0" fileid="4" />
              </SequencePoints>
              <BranchPoints />
            </Method>
            <Method visited="false" cyclomaticComplexity="0" nPathComplexity="0" sequenceCoverage="0.0" branchCoverage="0" crapScore="0" isConstructor="false" isStatic="true" isGetter="false" isSetter="false">
              <Summary numSequencePoints="5" visitedSequencePoints="0" numBranchPoints="0" visitedBranchPoints="0" sequenceCoverage="0.0" branchCoverage="0" maxCyclomaticComplexity="0" minCyclomaticComplexity="0" maxCrapScore="0" minCrapScore="0" visitedClasses="0" numClasses="0" visitedMethods="0" numMethods="1" />
              <MetadataToken>100663311</MetadataToken>
              <Name>static System.Single PieceTypeMethods::OpponentBoardEdge(PieceType)</Name>
              <FileRef uid="4" />
              <SequencePoints>
                <SequencePoint vc="0" uspid="87" ordinal="0" offset="0" sl="23" sc="0" el="23" ec="0" bec="0" bev="0" fileid="4" />
                <SequencePoint vc="0" uspid="88" ordinal="0" offset="1" sl="24" sc="0" el="24" ec="0" bec="0" bev="0" fileid="4" />
                <SequencePoint vc="0" uspid="89" ordinal="0" offset="9" sl="25" sc="0" el="25" ec="0" bec="0" bev="0" fileid="4" />
                <SequencePoint vc="0" uspid="90" ordinal="0" offset="17" sl="27" sc="0" el="27" ec="0" bec="0" bev="0" fileid="4" />
                <SequencePoint vc="0" uspid="91" ordinal="0" offset="25" sl="28" sc="0" el="28" ec="0" bec="0" bev="0" fileid="4" />
              </SequencePoints>
              <BranchPoints />
            </Method>
          </Methods>
        </Class>
        <Class>
          <Summary numSequencePoints="47" visitedSequencePoints="3" numBranchPoints="0" visitedBranchPoints="0" sequenceCoverage="6.38" branchCoverage="0.0" maxCyclomaticComplexity="0" minCyclomaticComplexity="0" maxCrapScore="0" minCrapScore="0" visitedClasses="1" numClasses="1" visitedMethods="1" numMethods="6" />
          <FullName>GamePiece</FullName>
          <Methods>
            <Method visited="false" cyclomaticComplexity="0" nPathComplexity="0" sequenceCoverage="0.0" branchCoverage="0" crapScore="0" isConstructor="false" isStatic="false" isGetter="true" isSetter="false">
              <Summary numSequencePoints="3" visitedSequencePoints="0" numBranchPoints="0" visitedBranchPoints="0" sequenceCoverage="0.0" branchCoverage="0" maxCyclomaticComplexity="0" minCyclomaticComplexity="0" maxCrapScore="0" minCrapScore="0" visitedClasses="0" numClasses="0" visitedMethods="0" numMethods="1" />
              <MetadataToken>100663312</MetadataToken>
              <Name>System.Boolean GamePiece::get_king()</Name>
              <FileRef uid="4" />
              <SequencePoints>
                <SequencePoint vc="0" uspid="92" ordinal="0" offset="0" sl="40" sc="0" el="40" ec="0" bec="0" bev="0" fileid="4" />
                <SequencePoint vc="0" uspid="93" ordinal="0" offset="1" sl="41" sc="0" el="41" ec="0" bec="0" bev="0" fileid="4" />
                <SequencePoint vc="0" uspid="94" ordinal="0" offset="10" sl="42" sc="0" el="42" ec="0" bec="0" bev="0" fileid="4" />
              </SequencePoints>
              <BranchPoints />
            </Method>
            <Method visited="false" cyclomaticComplexity="0" nPathComplexity="0" sequenceCoverage="0.0" branchCoverage="0" crapScore="0" isConstructor="false" isStatic="false" isGetter="false" isSetter="true">
              <Summary numSequencePoints="6" visitedSequencePoints="0" numBranchPoints="0" visitedBranchPoints="0" sequenceCoverage="0.0" branchCoverage="0" maxCyclomaticComplexity="0" minCyclomaticComplexity="0" maxCrapScore="0" minCrapScore="0" visitedClasses="0" numClasses="0" visitedMethods="0" numMethods="1" />
              <MetadataToken>100663313</MetadataToken>
              <Name>System.Void GamePiece::set_king(System.Boolean)</Name>
              <FileRef uid="4" />
              <SequencePoints>
                <SequencePoint vc="0" uspid="95" ordinal="0" offset="0" sl="43" sc="0" el="43" ec="0" bec="0" bev="0" fileid="4" />
                <SequencePoint vc="0" uspid="96" ordinal="0" offset="1" sl="44" sc="0" el="44" ec="0" bec="0" bev="0" fileid="4" />
                <SequencePoint vc="0" uspid="97" ordinal="0" offset="8" sl="45" sc="0" el="45" ec="0" bec="0" bev="0" fileid="4" />
                <SequencePoint vc="0" uspid="98" ordinal="0" offset="18" sl="46" sc="0" el="46" ec="0" bec="0" bev="0" fileid="4" />
                <SequencePoint vc="0" uspid="99" ordinal="0" offset="43" sl="48" sc="0" el="48" ec="0" bec="0" bev="0" fileid="4" />
                <SequencePoint vc="0" uspid="100" ordinal="0" offset="66" sl="49" sc="0" el="49" ec="0" bec="0" bev="0" fileid="4" />
              </SequencePoints>
              <BranchPoints />
            </Method>
            <Method visited="false" cyclomaticComplexity="0" nPathComplexity="0" sequenceCoverage="0.0" branchCoverage="0" crapScore="0" isConstructor="false" isStatic="false" isGetter="false" isSetter="false">
              <Summary numSequencePoints="3" visitedSequencePoints="0" numBranchPoints="0" visitedBranchPoints="0" sequenceCoverage="0.0" branchCoverage="0" maxCyclomaticComplexity="0" minCyclomaticComplexity="0" maxCrapScore="0" minCrapScore="0" visitedClasses="0" numClasses="0" visitedMethods="0" numMethods="1" />
              <MetadataToken>100663314</MetadataToken>
              <Name>System.Void GamePiece.UnityEngine.EventSystems.IDragHandler::OnDrag(UnityEngine.EventSystems.PointerEventData)</Name>
              <FileRef uid="4" />
              <SequencePoints>
                <SequencePoint vc="0" uspid="101" ordinal="0" offset="0" sl="57" sc="0" el="57" ec="0" bec="0" bev="0" fileid="4" />
                <SequencePoint vc="0" uspid="102" ordinal="0" offset="1" sl="58" sc="0" el="58" ec="0" bec="0" bev="0" fileid="4" />
                <SequencePoint vc="0" uspid="103" ordinal="0" offset="18" sl="59" sc="0" el="59" ec="0" bec="0" bev="0" fileid="4" />
              </SequencePoints>
              <BranchPoints />
            </Method>
            <Method visited="false" cyclomaticComplexity="0" nPathComplexity="0" sequenceCoverage="0.0" branchCoverage="0" crapScore="0" isConstructor="false" isStatic="false" isGetter="false" isSetter="false">
              <Summary numSequencePoints="3" visitedSequencePoints="0" numBranchPoints="0" visitedBranchPoints="0" sequenceCoverage="0.0" branchCoverage="0" maxCyclomaticComplexity="0" minCyclomaticComplexity="0" maxCrapScore="0" minCrapScore="0" visitedClasses="0" numClasses="0" visitedMethods="0" numMethods="1" />
              <MetadataToken>100663315</MetadataToken>
              <Name>System.Void GamePiece.UnityEngine.EventSystems.IPointerDownHandler::OnPointerDown(UnityEngine.EventSystems.PointerEventData)</Name>
              <FileRef uid="4" />
              <SequencePoints>
                <SequencePoint vc="0" uspid="104" ordinal="0" offset="0" sl="61" sc="0" el="61" ec="0" bec="0" bev="0" fileid="4" />
                <SequencePoint vc="0" uspid="105" ordinal="0" offset="1" sl="62" sc="0" el="62" ec="0" bec="0" bev="0" fileid="4" />
                <SequencePoint vc="0" uspid="106" ordinal="0" offset="23" sl="63" sc="0" el="63" ec="0" bec="0" bev="0" fileid="4" />
              </SequencePoints>
              <BranchPoints />
            </Method>
            <Method visited="false" cyclomaticComplexity="0" nPathComplexity="0" sequenceCoverage="0.0" branchCoverage="0" crapScore="0" isConstructor="false" isStatic="false" isGetter="false" isSetter="false">
              <Summary numSequencePoints="29" visitedSequencePoints="0" numBranchPoints="0" visitedBranchPoints="0" sequenceCoverage="0.0" branchCoverage="0" maxCyclomaticComplexity="0" minCyclomaticComplexity="0" maxCrapScore="0" minCrapScore="0" visitedClasses="0" numClasses="0" visitedMethods="0" numMethods="1" />
              <MetadataToken>100663316</MetadataToken>
              <Name>System.Void GamePiece.UnityEngine.EventSystems.IPointerUpHandler::OnPointerUp(UnityEngine.EventSystems.PointerEventData)</Name>
              <FileRef uid="4" />
              <SequencePoints>
                <SequencePoint vc="0" uspid="107" ordinal="0" offset="0" sl="66" sc="0" el="66" ec="0" bec="0" bev="0" fileid="4" />
                <SequencePoint vc="0" uspid="108" ordinal="0" offset="1" sl="67" sc="0" el="67" ec="0" bec="0" bev="0" fileid="4" />
                <SequencePoint vc="0" uspid="109" ordinal="0" offset="13" sl="68" sc="0" el="68" ec="0" bec="0" bev="0" fileid="4" />
                <SequencePoint vc="0" uspid="110" ordinal="0" offset="36" sl="69" sc="0" el="69" ec="0" bec="0" bev="0" fileid="4" />
                <SequencePoint vc="0" uspid="111" ordinal="0" offset="37" sl="70" sc="0" el="70" ec="0" bec="0" bev="0" fileid="4" />
                <SequencePoint vc="0" uspid="112" ordinal="0" offset="60" sl="71" sc="0" el="71" ec="0" bec="0" bev="0" fileid="4" />
                <SequencePoint vc="0" uspid="113" ordinal="0" offset="66" sl="73" sc="0" el="73" ec="0" bec="0" bev="0" fileid="4" />
                <SequencePoint vc="0" uspid="114" ordinal="0" offset="67" sl="75" sc="0" el="75" ec="0" bec="0" bev="0" fileid="4" />
                <SequencePoint vc="0" uspid="115" ordinal="0" offset="84" sl="76" sc="0" el="76" ec="0" bec="0" bev="0" fileid="4" />
                <SequencePoint vc="0" uspid="116" ordinal="0" offset="91" sl="77" sc="0" el="77" ec="0" bec="0" bev="0" fileid="4" />
                <SequencePoint vc="0" uspid="117" ordinal="0" offset="115" sl="78" sc="0" el="78" ec="0" bec="0" bev="0" fileid="4" />
                <SequencePoint vc="0" uspid="118" ordinal="0" offset="141" sl="79" sc="0" el="79" ec="0" bec="0" bev="0" fileid="4" />
                <SequencePoint vc="0" uspid="119" ordinal="0" offset="158" sl="80" sc="0" el="80" ec="0" bec="0" bev="0" fileid="4" />
                <SequencePoint vc="0" uspid="120" ordinal="0" offset="174" sl="81" sc="0" el="81" ec="0" bec="0" bev="0" fileid="4" />
                <SequencePoint vc="0" uspid="121" ordinal="0" offset="205" sl="82" sc="0" el="82" ec="0" bec="0" bev="0" fileid="4" />
                <SequencePoint vc="0" uspid="122" ordinal="0" offset="209" sl="83" sc="0" el="83" ec="0" bec="0" bev="0" fileid="4" />
                <SequencePoint vc="0" uspid="123" ordinal="0" offset="233" sl="84" sc="0" el="84" ec="0" bec="0" bev="0" fileid="4" />
                <SequencePoint vc="0" uspid="124" ordinal="0" offset="254" sl="85" sc="0" el="85" ec="0" bec="0" bev="0" fileid="4" />
                <SequencePoint vc="0" uspid="125" ordinal="0" offset="282" sl="87" sc="0" el="87" ec="0" bec="0" bev="0" fileid="4" />
                <SequencePoint vc="0" uspid="126" ordinal="0" offset="298" sl="88" sc="0" el="88" ec="0" bec="0" bev="0" fileid="4" />
                <SequencePoint vc="0" uspid="127" ordinal="0" offset="306" sl="89" sc="0" el="89" ec="0" bec="0" bev="0" fileid="4" />
                <SequencePoint vc="0" uspid="128" ordinal="0" offset="307" sl="90" sc="0" el="90" ec="0" bec="0" bev="0" fileid="4" />
                <SequencePoint vc="0" uspid="129" ordinal="0" offset="315" sl="91" sc="0" el="91" ec="0" bec="0" bev="0" fileid="4" />
                <SequencePoint vc="0" uspid="130" ordinal="0" offset="329" sl="92" sc="0" el="92" ec="0" bec="0" bev="0" fileid="4" />
                <SequencePoint vc="0" uspid="131" ordinal="0" offset="332" sl="94" sc="0" el="94" ec="0" bec="0" bev="0" fileid="4" />
                <SequencePoint vc="0" uspid="132" ordinal="0" offset="333" sl="95" sc="0" el="95" ec="0" bec="0" bev="0" fileid="4" />
                <SequencePoint vc="0" uspid="133" ordinal="0" offset="356" sl="96" sc="0" el="96" ec="0" bec="0" bev="0" fileid="4" />
                <SequencePoint vc="0" uspid="134" ordinal="0" offset="357" sl="97" sc="0" el="97" ec="0" bec="0" bev="0" fileid="4" />
                <SequencePoint vc="0" uspid="135" ordinal="0" offset="358" sl="98" sc="0" el="98" ec="0" bec="0" bev="0" fileid="4" />
              </SequencePoints>
              <BranchPoints />
            </Method>
            <Method visited="true" cyclomaticComplexity="0" nPathComplexity="0" sequenceCoverage="100.0" branchCoverage="0" crapScore="0" isConstructor="true" isStatic="false" isGetter="false" isSetter="false">
              <Summary numSequencePoints="3" visitedSequencePoints="3" numBranchPoints="0" visitedBranchPoints="0" sequenceCoverage="100.0" branchCoverage="0" maxCyclomaticComplexity="0" minCyclomaticComplexity="0" maxCrapScore="0" minCrapScore="0" visitedClasses="0" numClasses="0" visitedMethods="1" numMethods="1" />
              <MetadataToken>100663317</MetadataToken>
              <Name>GamePiece::GamePiece()</Name>
              <FileRef uid="4" />
              <SequencePoints>
                <SequencePoint vc="24" uspid="136" ordinal="0" offset="0" sl="36" sc="5" el="36" ec="5" bec="0" bev="0" fileid="4" />
                <SequencePoint vc="24" uspid="137" ordinal="0" offset="7" sl="52" sc="5" el="52" ec="5" bec="0" bev="0" fileid="4" />
                <SequencePoint vc="24" uspid="138" ordinal="0" offset="14" sl="54" sc="5" el="54" ec="5" bec="0" bev="0" fileid="4" />
              </SequencePoints>
              <BranchPoints />
            </Method>
          </Methods>
        </Class>
        <Class>
          <Summary numSequencePoints="1" visitedSequencePoints="0" numBranchPoints="0" visitedBranchPoints="0" sequenceCoverage="0.0" branchCoverage="0.0" maxCyclomaticComplexity="0" minCyclomaticComplexity="0" maxCrapScore="0" minCrapScore="0" visitedClasses="0" numClasses="1" visitedMethods="0" numMethods="1" />
          <FullName>GameManager/&lt;&gt;c__DisplayClass4_0</FullName>
          <Methods>
            <Method visited="false" cyclomaticComplexity="0" nPathComplexity="0" sequenceCoverage="0.0" branchCoverage="0" crapScore="0" isConstructor="false" isStatic="false" isGetter="false" isSetter="false">
              <Summary numSequencePoints="1" visitedSequencePoints="0" numBranchPoints="0" visitedBranchPoints="0" sequenceCoverage="0.0" branchCoverage="0" maxCyclomaticComplexity="0" minCyclomaticComplexity="0" maxCrapScore="0" minCrapScore="0" visitedClasses="0" numClasses="0" visitedMethods="0" numMethods="1" />
              <MetadataToken>100663319</MetadataToken>
              <Name>System.Boolean GameManager/&lt;&gt;c__DisplayClass4_0::&lt;TestMove&gt;b__1(GamePiece)</Name>
              <FileRef uid="3" />
              <SequencePoints>
                <SequencePoint vc="0" uspid="139" ordinal="0" offset="0" sl="85" sc="0" el="85" ec="0" bec="0" bev="0" fileid="3" />
              </SequencePoints>
              <BranchPoints />
            </Method>
          </Methods>
        </Class>
        <Class>
          <Summary numSequencePoints="1" visitedSequencePoints="0" numBranchPoints="0" visitedBranchPoints="0" sequenceCoverage="0.0" branchCoverage="0.0" maxCyclomaticComplexity="0" minCyclomaticComplexity="0" maxCrapScore="0" minCrapScore="0" visitedClasses="0" numClasses="1" visitedMethods="0" numMethods="1" />
          <FullName>GameManager/&lt;&gt;c</FullName>
          <Methods>
            <Method visited="false" cyclomaticComplexity="0" nPathComplexity="0" sequenceCoverage="0.0" branchCoverage="0" crapScore="0" isConstructor="false" isStatic="false" isGetter="false" isSetter="false">
              <Summary numSequencePoints="1" visitedSequencePoints="0" numBranchPoints="0" visitedBranchPoints="0" sequenceCoverage="0.0" branchCoverage="0" maxCyclomaticComplexity="0" minCyclomaticComplexity="0" maxCrapScore="0" minCrapScore="0" visitedClasses="0" numClasses="0" visitedMethods="0" numMethods="1" />
              <MetadataToken>100663322</MetadataToken>
              <Name>GamePiece GameManager/&lt;&gt;c::&lt;TestMove&gt;b__4_0(UnityEngine.GameObject)</Name>
              <FileRef uid="3" />
              <SequencePoints>
                <SequencePoint vc="0" uspid="140" ordinal="0" offset="0" sl="85" sc="0" el="85" ec="0" bec="0" bev="0" fileid="3" />
              </SequencePoints>
              <BranchPoints />
            </Method>
          </Methods>
        </Class>
      </Classes>
    </Module>
    <Module>
      <Summary numSequencePoints="3" visitedSequencePoints="3" numBranchPoints="0" visitedBranchPoints="0" sequenceCoverage="100.0" branchCoverage="0.0" maxCyclomaticComplexity="0" minCyclomaticComplexity="0" maxCrapScore="0" minCrapScore="0" visitedClasses="1" numClasses="1" visitedMethods="1" numMethods="1" />
      <ModuleTime>0001-01-01T00:00:00</ModuleTime>
      <ModuleName>Tests</ModuleName>
      <Files>
        <File uid="5" fullPath="/Users/manalabbas/se181-checkers-for-two/Checkers for Two/Assets/Tests/Tests.cs" />
      </Files>
      <Classes>
        <Class>
          <Summary numSequencePoints="3" visitedSequencePoints="3" numBranchPoints="0" visitedBranchPoints="0" sequenceCoverage="100.0" branchCoverage="0.0" maxCyclomaticComplexity="0" minCyclomaticComplexity="0" maxCrapScore="0" minCrapScore="0" visitedClasses="1" numClasses="1" visitedMethods="1" numMethods="1" />
          <FullName>Tests</FullName>
          <Methods>
            <Method visited="true" cyclomaticComplexity="0" nPathComplexity="0" sequenceCoverage="100.0" branchCoverage="0" crapScore="0" isConstructor="false" isStatic="false" isGetter="false" isSetter="false">
              <Summary numSequencePoints="3" visitedSequencePoints="3" numBranchPoints="0" visitedBranchPoints="0" sequenceCoverage="100.0" branchCoverage="0" maxCyclomaticComplexity="0" minCyclomaticComplexity="0" maxCrapScore="0" minCrapScore="0" visitedClasses="0" numClasses="0" visitedMethods="1" numMethods="1" />
              <MetadataToken>100663297</MetadataToken>
              <Name>System.Void Tests::Test1()</Name>
              <FileRef uid="5" />
              <SequencePoints>
                <SequencePoint vc="1" uspid="141" ordinal="0" offset="0" sl="8" sc="4" el="8" ec="4" bec="0" bev="0" fileid="5" />
                <SequencePoint vc="1" uspid="142" ordinal="0" offset="1" sl="9" sc="7" el="9" ec="7" bec="0" bev="0" fileid="5" />
                <SequencePoint vc="1" uspid="143" ordinal="0" offset="8" sl="10" sc="4" el="10" ec="4" bec="0" bev="0" fileid="5" />
              </SequencePoints>
              <BranchPoints />
            </Method>
          </Methods>
        </Class>
      </Classes>
    </Module>
  </Modules>
</CoverageSession>